<?xml version="1.0" encoding="UTF-8"?>
<!-- Generated by org.testng.reporters.JUnitXMLReporter -->
<testsuite ignored="0" hostname="SwasLenovo" failures="2" tests="21" name="Test" time="7.027" errors="0" timestamp="2025-06-11T23:13:36 EDT">
  <testcase classname="testCases.SwaggerAPI" name="CreateUser" time="1.944"/>
  <testcase classname="testCases.SwaggerAPI" name="CreateUser" time="0.191"/>
  <testcase classname="testCases.SwaggerAPI" name="CreateUser" time="0.186"/>
  <testcase classname="testCases.SwaggerAPI" name="CreateUser" time="0.201"/>
  <testcase classname="testCases.SwaggerAPI" name="CreateUser" time="0.285"/>
  <testcase classname="testCases.SwaggerAPI" name="CreateUser" time="0.254">
    <failure type="java.lang.AssertionError" message="1 expectation failed.
Expected status code &amp;lt;404&amp;gt; but was &amp;lt;409&amp;gt;.
">
      <![CDATA[java.lang.AssertionError: 1 expectation failed.
Expected status code <404> but was <409>.

at org.codehaus.groovy.runtime.callsite.ConstructorSite$ConstructorSiteNoUnwrapNoCoerce.callConstructor(ConstructorSite.java:108)
at org.codehaus.groovy.runtime.callsite.CallSiteArray.defaultCallConstructor(CallSiteArray.java:57)
at org.codehaus.groovy.runtime.callsite.AbstractCallSite.callConstructor(AbstractCallSite.java:263)
at org.codehaus.groovy.runtime.callsite.AbstractCallSite.callConstructor(AbstractCallSite.java:277)
at io.restassured.internal.ResponseSpecificationImpl$HamcrestAssertionClosure.validate(ResponseSpecificationImpl.groovy:512)
at io.restassured.internal.ResponseSpecificationImpl$HamcrestAssertionClosure$validate$1.call(Unknown Source)
at io.restassured.internal.ResponseSpecificationImpl.validateResponseIfRequired(ResponseSpecificationImpl.groovy:696)
at io.restassured.internal.ResponseSpecificationImpl.this$2$validateResponseIfRequired(ResponseSpecificationImpl.groovy)
at org.codehaus.groovy.runtime.callsite.PlainObjectMetaMethodSite.doInvoke(PlainObjectMetaMethodSite.java:43)
at org.codehaus.groovy.runtime.callsite.PogoMetaMethodSite$PogoCachedMethodSiteNoUnwrapNoCoerce.invoke(PogoMetaMethodSite.java:198)
at org.codehaus.groovy.runtime.callsite.PogoMetaMethodSite.callCurrent(PogoMetaMethodSite.java:62)
at org.codehaus.groovy.runtime.callsite.AbstractCallSite.callCurrent(AbstractCallSite.java:185)
at io.restassured.internal.ResponseSpecificationImpl.statusCode(ResponseSpecificationImpl.groovy:135)
at io.restassured.specification.ResponseSpecification$statusCode$0.callCurrent(Unknown Source)
at io.restassured.internal.ResponseSpecificationImpl.statusCode(ResponseSpecificationImpl.groovy:143)
at io.restassured.internal.ValidatableResponseOptionsImpl.statusCode(ValidatableResponseOptionsImpl.java:89)
at testCases.SwaggerAPI.CreateUser(SwaggerAPI.java:202)
at java.base/java.util.ArrayList.forEach(ArrayList.java:1596)
... Removed 31 stack frames]]>
    </failure>
  </testcase> <!-- CreateUser -->
  <testcase classname="testCases.SwaggerAPI" name="CreateUser" time="0.221"/>
  <testcase classname="testCases.SwaggerAPI" name="CreateUser" time="0.245">
    <failure type="java.lang.AssertionError" message="1 expectation failed.
Expected status code &amp;lt;201&amp;gt; but was &amp;lt;409&amp;gt;.
">
      <![CDATA[java.lang.AssertionError: 1 expectation failed.
Expected status code <201> but was <409>.

at org.codehaus.groovy.runtime.callsite.ConstructorSite$ConstructorSiteNoUnwrapNoCoerce.callConstructor(ConstructorSite.java:108)
at org.codehaus.groovy.runtime.callsite.AbstractCallSite.callConstructor(AbstractCallSite.java:277)
at io.restassured.internal.ResponseSpecificationImpl$HamcrestAssertionClosure.validate(ResponseSpecificationImpl.groovy:512)
at io.restassured.internal.ResponseSpecificationImpl$HamcrestAssertionClosure$validate$1.call(Unknown Source)
at io.restassured.internal.ResponseSpecificationImpl.validateResponseIfRequired(ResponseSpecificationImpl.groovy:696)
at io.restassured.internal.ResponseSpecificationImpl.this$2$validateResponseIfRequired(ResponseSpecificationImpl.groovy)
at org.codehaus.groovy.runtime.callsite.PlainObjectMetaMethodSite.doInvoke(PlainObjectMetaMethodSite.java:43)
at org.codehaus.groovy.runtime.callsite.PogoMetaMethodSite$PogoCachedMethodSiteNoUnwrapNoCoerce.invoke(PogoMetaMethodSite.java:198)
at org.codehaus.groovy.runtime.callsite.PogoMetaMethodSite.callCurrent(PogoMetaMethodSite.java:62)
at org.codehaus.groovy.runtime.callsite.AbstractCallSite.callCurrent(AbstractCallSite.java:185)
at io.restassured.internal.ResponseSpecificationImpl.statusCode(ResponseSpecificationImpl.groovy:135)
at io.restassured.specification.ResponseSpecification$statusCode$0.callCurrent(Unknown Source)
at io.restassured.internal.ResponseSpecificationImpl.statusCode(ResponseSpecificationImpl.groovy:143)
at io.restassured.internal.ValidatableResponseOptionsImpl.statusCode(ValidatableResponseOptionsImpl.java:89)
at testCases.SwaggerAPI.CreateUser(SwaggerAPI.java:223)
at java.base/java.util.ArrayList.forEach(ArrayList.java:1596)
... Removed 31 stack frames]]>
    </failure>
  </testcase> <!-- CreateUser -->
  <testcase classname="testCases.SwaggerAPI" name="GetUserById" time="0.19"/>
  <testcase classname="testCases.SwaggerAPI" name="GetUserById" time="0.208"/>
  <testcase classname="testCases.SwaggerAPI" name="GetUserById" time="0.194"/>
  <testcase classname="testCases.SwaggerAPI" name="GetUserById" time="0.261"/>
  <testcase classname="testCases.SwaggerAPI" name="GetUserById" time="0.116"/>
  <testcase classname="testCases.SwaggerAPI" name="GetUserById" time="0.24"/>
  <testcase classname="testCases.SwaggerAPI" name="DeleteUserByFNameTest" time="0.212"/>
  <testcase classname="testCases.SwaggerAPI" name="DeleteUserByFNameTest" time="0.19"/>
  <testcase classname="testCases.SwaggerAPI" name="DeleteUserByFNameTest" time="0.196"/>
  <testcase classname="testCases.SwaggerAPI" name="DeleteUserByFNameTest" time="0.148"/>
  <testcase classname="testCases.SwaggerAPI" name="DeleteUserByFNameTest" time="0.199"/>
  <testcase classname="testCases.SwaggerAPI" name="DeleteUserByFNameTest" time="0.211"/>
  <testcase classname="testCases.SwaggerAPI" name="DeleteUserByFNameTest" time="0.188"/>
</testsuite> <!-- Test -->
