<?xml version="1.0" encoding="UTF-8"?>
<!-- Generated by org.testng.reporters.JUnitXMLReporter -->
<testsuite ignored="0" hostname="SwasLenovo" failures="2" tests="21" name="Test" time="8.344" errors="0" timestamp="2025-06-11T23:46:28 EDT">
  <testcase classname="testCases.SwaggerAPI" name="CreateUser" time="2.201"/>
  <testcase classname="testCases.SwaggerAPI" name="CreateUser" time="0.25"/>
  <testcase classname="testCases.SwaggerAPI" name="CreateUser" time="0.182"/>
  <testcase classname="testCases.SwaggerAPI" name="CreateUser" time="0.224"/>
  <testcase classname="testCases.SwaggerAPI" name="CreateUser" time="0.411"/>
  <testcase classname="testCases.SwaggerAPI" name="CreateUser" time="0.435">
    <failure type="java.lang.AssertionError" message="1 expectation failed.
Expected status code &amp;lt;404&amp;gt; but was &amp;lt;409&amp;gt;.
">
      <![CDATA[java.lang.AssertionError: 1 expectation failed.
Expected status code <404> but was <409>.

at org.codehaus.groovy.runtime.callsite.ConstructorSite$ConstructorSiteNoUnwrapNoCoerce.callConstructor(ConstructorSite.java:108)
at org.codehaus.groovy.runtime.callsite.CallSiteArray.defaultCallConstructor(CallSiteArray.java:57)
at org.codehaus.groovy.runtime.callsite.AbstractCallSite.callConstructor(AbstractCallSite.java:263)
at org.codehaus.groovy.runtime.callsite.AbstractCallSite.callConstructor(AbstractCallSite.java:277)
at io.restassured.internal.ResponseSpecificationImpl$HamcrestAssertionClosure.validate(ResponseSpecificationImpl.groovy:512)
at io.restassured.internal.ResponseSpecificationImpl$HamcrestAssertionClosure$validate$1.call(Unknown Source)
at io.restassured.internal.ResponseSpecificationImpl.validateResponseIfRequired(ResponseSpecificationImpl.groovy:696)
at io.restassured.internal.ResponseSpecificationImpl.this$2$validateResponseIfRequired(ResponseSpecificationImpl.groovy)
at org.codehaus.groovy.runtime.callsite.PlainObjectMetaMethodSite.doInvoke(PlainObjectMetaMethodSite.java:43)
at org.codehaus.groovy.runtime.callsite.PogoMetaMethodSite$PogoCachedMethodSiteNoUnwrapNoCoerce.invoke(PogoMetaMethodSite.java:198)
at org.codehaus.groovy.runtime.callsite.PogoMetaMethodSite.callCurrent(PogoMetaMethodSite.java:62)
at org.codehaus.groovy.runtime.callsite.AbstractCallSite.callCurrent(AbstractCallSite.java:185)
at io.restassured.internal.ResponseSpecificationImpl.statusCode(ResponseSpecificationImpl.groovy:135)
at io.restassured.specification.ResponseSpecification$statusCode$0.callCurrent(Unknown Source)
at io.restassured.internal.ResponseSpecificationImpl.statusCode(ResponseSpecificationImpl.groovy:143)
at io.restassured.internal.ValidatableResponseOptionsImpl.statusCode(ValidatableResponseOptionsImpl.java:89)
at testCases.SwaggerAPI.CreateUser(SwaggerAPI.java:202)
at java.base/java.util.ArrayList.forEach(ArrayList.java:1596)
... Removed 35 stack frames]]>
    </failure>
  </testcase> <!-- CreateUser -->
  <testcase classname="testCases.SwaggerAPI" name="CreateUser" time="0.365"/>
  <testcase classname="testCases.SwaggerAPI" name="CreateUser" time="0.313">
    <failure type="java.lang.AssertionError" message="1 expectation failed.
Expected status code &amp;lt;201&amp;gt; but was &amp;lt;409&amp;gt;.
">
      <![CDATA[java.lang.AssertionError: 1 expectation failed.
Expected status code <201> but was <409>.

at org.codehaus.groovy.runtime.callsite.ConstructorSite$ConstructorSiteNoUnwrapNoCoerce.callConstructor(ConstructorSite.java:108)
at org.codehaus.groovy.runtime.callsite.AbstractCallSite.callConstructor(AbstractCallSite.java:277)
at io.restassured.internal.ResponseSpecificationImpl$HamcrestAssertionClosure.validate(ResponseSpecificationImpl.groovy:512)
at io.restassured.internal.ResponseSpecificationImpl$HamcrestAssertionClosure$validate$1.call(Unknown Source)
at io.restassured.internal.ResponseSpecificationImpl.validateResponseIfRequired(ResponseSpecificationImpl.groovy:696)
at io.restassured.internal.ResponseSpecificationImpl.this$2$validateResponseIfRequired(ResponseSpecificationImpl.groovy)
at org.codehaus.groovy.runtime.callsite.PlainObjectMetaMethodSite.doInvoke(PlainObjectMetaMethodSite.java:43)
at org.codehaus.groovy.runtime.callsite.PogoMetaMethodSite$PogoCachedMethodSiteNoUnwrapNoCoerce.invoke(PogoMetaMethodSite.java:198)
at org.codehaus.groovy.runtime.callsite.PogoMetaMethodSite.callCurrent(PogoMetaMethodSite.java:62)
at org.codehaus.groovy.runtime.callsite.AbstractCallSite.callCurrent(AbstractCallSite.java:185)
at io.restassured.internal.ResponseSpecificationImpl.statusCode(ResponseSpecificationImpl.groovy:135)
at io.restassured.specification.ResponseSpecification$statusCode$0.callCurrent(Unknown Source)
at io.restassured.internal.ResponseSpecificationImpl.statusCode(ResponseSpecificationImpl.groovy:143)
at io.restassured.internal.ValidatableResponseOptionsImpl.statusCode(ValidatableResponseOptionsImpl.java:89)
at testCases.SwaggerAPI.CreateUser(SwaggerAPI.java:223)
at java.base/java.util.ArrayList.forEach(ArrayList.java:1596)
... Removed 35 stack frames]]>
    </failure>
  </testcase> <!-- CreateUser -->
  <testcase classname="testCases.SwaggerAPI" name="GetUserById" time="0.3"/>
  <testcase classname="testCases.SwaggerAPI" name="GetUserById" time="0.26"/>
  <testcase classname="testCases.SwaggerAPI" name="GetUserById" time="0.215"/>
  <testcase classname="testCases.SwaggerAPI" name="GetUserById" time="0.211"/>
  <testcase classname="testCases.SwaggerAPI" name="GetUserById" time="0.307"/>
  <testcase classname="testCases.SwaggerAPI" name="GetUserById" time="0.193"/>
  <testcase classname="testCases.SwaggerAPI" name="DeleteUserByFNameTest" time="0.197"/>
  <testcase classname="testCases.SwaggerAPI" name="DeleteUserByFNameTest" time="0.217"/>
  <testcase classname="testCases.SwaggerAPI" name="DeleteUserByFNameTest" time="0.205"/>
  <testcase classname="testCases.SwaggerAPI" name="DeleteUserByFNameTest" time="0.083"/>
  <testcase classname="testCases.SwaggerAPI" name="DeleteUserByFNameTest" time="0.182"/>
  <testcase classname="testCases.SwaggerAPI" name="DeleteUserByFNameTest" time="0.198"/>
  <testcase classname="testCases.SwaggerAPI" name="DeleteUserByFNameTest" time="0.208"/>
</testsuite> <!-- Test -->
