<?xml version="1.0" encoding="UTF-8"?>
<testsuite xmlns:xsi="http://www.w3.org/2001/XMLSchema-instance" xsi:noNamespaceSchemaLocation="https://maven.apache.org/surefire/maven-surefire-plugin/xsd/surefire-test-report.xsd" version="3.0.2" name="TestSuite" time="8.946" tests="21" errors="0" skipped="0" failures="2">
  <properties>
[...]
</properties>
  <testcase name="CreateUser[{FirstName=Ramakrishna, LastName=EthaBhat, Phno=7865431245, Email=ramabhat@gmail.com, Plot=P1-73, Street=santaclara, State=Main, Country=USA, Zip=65432, Code=201, Linemsg=HTTP/1.1 201 Created, Scenario=Valid}](1)" classname="testCases.SwaggerAPI" time="2.244">
    <system-out><![CDATA[[INFO ] 2025-06-11 23:46:20.936 [main] LoggerLoad - RestAssured Swagger API Execution
[INFO ] 2025-06-11 23:46:20.938 [main] LoggerLoad - Initializing Workbook
[INFO ] 2025-06-11 23:46:20.938 [main] LoggerLoad - Initializing Excel Reader with path: src/test/resources/TestData/API_TestData.xlsx
[INFO ] 2025-06-11 23:46:21.616 [main] LoggerLoad - POST REQUEST: Valid
INSUDE VALID
Request method:	POST
Request URI:	https://userserviceapp-f5a54828541b.herokuapp.com/uap/createusers
Proxy:			<none>
Request params:	<none>
Query params:	<none>
Form params:	<none>
Path params:	<none>
Headers:		Accept=*/*
				Content-Type=application/json
Cookies:		<none>
Multiparts:		<none>
Body:
{
    "userContactNumber": "7865431245",
    "userAddress": {
        "country": "USA",
        "zipCode": "65432",
        "street": "santaclara",
        "plotNumber": "P1-73",
        "state": "Main"
    },
    "userEmailId": "ramabhat@gmail.com",
    "userLastName": "EthaBhat",
    "userFirstName": "Ramakrishna"
}
Ramakrishna    Ramakrishna
EthaBhat    EthaBhat
7865431245    7865431245
ramabhat@gmail.com    ramabhat@gmail.com
28447
Ramakrishna
]]></system-out>
  </testcase>
  <testcase name="CreateUser[{FirstName=Kripa, LastName=Lkumar, Phno=7357950300, Email=Kripa@gmail.com, Plot=P1-58, Street=santaclara, State=NJ, Country=USA, Zip=65432, Code=401, Linemsg=HTTP/1.1 401 Unauthorized, Scenario=EmptyPswd}](2)" classname="testCases.SwaggerAPI" time="0.25">
    <system-out><![CDATA[[INFO ] 2025-06-11 23:46:23.820 [main] LoggerLoad - POST REQUEST: EmptyPswd
Request method:	POST
Request URI:	https://userserviceapp-f5a54828541b.herokuapp.com/uap/createusers
Proxy:			<none>
Request params:	<none>
Query params:	<none>
Form params:	<none>
Path params:	<none>
Headers:		Accept=*/*
				Content-Type=application/json
Cookies:		<none>
Multiparts:		<none>
Body:
{
    "userContactNumber": "7357950300",
    "userAddress": {
        "country": "USA",
        "zipCode": "65432",
        "street": "santaclara",
        "plotNumber": "P1-58",
        "state": "NJ"
    },
    "userEmailId": "Kripa@gmail.com",
    "userLastName": "Lkumar",
    "userFirstName": "Kripa"
}
]]></system-out>
  </testcase>
  <testcase name="CreateUser[{FirstName=KripaS, LastName=LkumarK, Phno=7357911100, Email=KripaS@gmail.com, Plot=P1-58, Street=santaclara, State=NJ, Country=USA, Zip=65432, Code=401, Linemsg=HTTP/1.1 401 Unauthorized, Scenario=EmptyUsr}](3)" classname="testCases.SwaggerAPI" time="0.185">
    <system-out><![CDATA[[INFO ] 2025-06-11 23:46:24.074 [main] LoggerLoad - POST REQUEST: EmptyUsr
Request method:	POST
Request URI:	https://userserviceapp-f5a54828541b.herokuapp.com/uap/createusers
Proxy:			<none>
Request params:	<none>
Query params:	<none>
Form params:	<none>
Path params:	<none>
Headers:		Accept=*/*
				Content-Type=application/json
Cookies:		<none>
Multiparts:		<none>
Body:
{
    "userContactNumber": "7357911100",
    "userAddress": {
        "country": "USA",
        "zipCode": "65432",
        "street": "santaclara",
        "plotNumber": "P1-58",
        "state": "NJ"
    },
    "userEmailId": "KripaS@gmail.com",
    "userLastName": "LkumarK",
    "userFirstName": "KripaS"
}
]]></system-out>
  </testcase>
  <testcase name="CreateUser[{FirstName=Liya, LastName=Brad, Phno=7357950302, Email=Leah@gmail.com, Plot=P1-59, Street=santaclara, State=NJ, Country=USA, Zip=65432, Code=401, Linemsg=HTTP/1.1 401 Unauthorized, Scenario=NoAuth}](4)" classname="testCases.SwaggerAPI" time="0.226">
    <system-out><![CDATA[[INFO ] 2025-06-11 23:46:24.259 [main] LoggerLoad - POST REQUEST: NoAuth
Request method:	POST
Request URI:	https://userserviceapp-f5a54828541b.herokuapp.com/uap/createusers
Proxy:			<none>
Request params:	<none>
Query params:	<none>
Form params:	<none>
Path params:	<none>
Headers:		Accept=*/*
				Content-Type=application/json
Cookies:		<none>
Multiparts:		<none>
Body:
{
    "userContactNumber": "7357950302",
    "userAddress": {
        "country": "USA",
        "zipCode": "65432",
        "street": "santaclara",
        "plotNumber": "P1-59",
        "state": "NJ"
    },
    "userEmailId": "Leah@gmail.com",
    "userLastName": "Brad",
    "userFirstName": "Liya"
}
]]></system-out>
  </testcase>
  <testcase name="CreateUser[{FirstName=Micheal, LastName=Gopi, Phno=7357950301, Email=MichealHeww@gmail.com, Plot=P1-60, Street=santaclara, State=NJ, Country=USA, Zip=65432, Code=404, Linemsg=HTTP/1.1 404 Not Found, Scenario=IncorrectEndPoint}](5)" classname="testCases.SwaggerAPI" time="0.413">
    <system-out><![CDATA[[INFO ] 2025-06-11 23:46:24.485 [main] LoggerLoad - POST REQUEST: IncorrectEndPoint
Request method:	POST
Request URI:	https://userserviceapp-f5a54828541b.herokuapp.com/uap/createusers%40invalid
Proxy:			<none>
Request params:	<none>
Query params:	<none>
Form params:	<none>
Path params:	<none>
Headers:		Accept=*/*
				Content-Type=application/json
Cookies:		<none>
Multiparts:		<none>
Body:
{
    "userContactNumber": "7357950301",
    "userAddress": {
        "country": "USA",
        "zipCode": "65432",
        "street": "santaclara",
        "plotNumber": "P1-60",
        "state": "NJ"
    },
    "userEmailId": "MichealHeww@gmail.com",
    "userLastName": "Gopi",
    "userFirstName": "Micheal"
}
]]></system-out>
  </testcase>
  <testcase name="CreateUser[{FirstName=Puttuna, LastName=Kanagal, Phno=7357950303, Email=PuttuK@gmail.com, Plot=P1-61, Street=santaclara, State=NJ, Country=USA, Zip=65432, Code=404, Linemsg=HTTP/1.1 404 Not Found, Scenario=IncorrectBaseURL}](6)" classname="testCases.SwaggerAPI" time="0.44">
    <failure message="1 expectation failed.&#10;Expected status code &lt;404&gt; but was &lt;409&gt;.&#10;" type="java.lang.AssertionError"><![CDATA[java.lang.AssertionError: 
1 expectation failed.
Expected status code <404> but was <409>.

	at java.base/jdk.internal.reflect.DirectConstructorHandleAccessor.newInstance(DirectConstructorHandleAccessor.java:62)
	at java.base/java.lang.reflect.Constructor.newInstanceWithCaller(Constructor.java:502)
	at java.base/java.lang.reflect.Constructor.newInstance(Constructor.java:486)
	at org.codehaus.groovy.reflection.CachedConstructor.invoke(CachedConstructor.java:73)
	at org.codehaus.groovy.runtime.callsite.ConstructorSite$ConstructorSiteNoUnwrapNoCoerce.callConstructor(ConstructorSite.java:108)
	at org.codehaus.groovy.runtime.callsite.CallSiteArray.defaultCallConstructor(CallSiteArray.java:57)
	at org.codehaus.groovy.runtime.callsite.AbstractCallSite.callConstructor(AbstractCallSite.java:263)
	at org.codehaus.groovy.runtime.callsite.AbstractCallSite.callConstructor(AbstractCallSite.java:277)
	at io.restassured.internal.ResponseSpecificationImpl$HamcrestAssertionClosure.validate(ResponseSpecificationImpl.groovy:512)
	at io.restassured.internal.ResponseSpecificationImpl$HamcrestAssertionClosure$validate$1.call(Unknown Source)
	at io.restassured.internal.ResponseSpecificationImpl.validateResponseIfRequired(ResponseSpecificationImpl.groovy:696)
	at io.restassured.internal.ResponseSpecificationImpl.this$2$validateResponseIfRequired(ResponseSpecificationImpl.groovy)
	at java.base/jdk.internal.reflect.DirectMethodHandleAccessor.invoke(DirectMethodHandleAccessor.java:103)
	at java.base/java.lang.reflect.Method.invoke(Method.java:580)
	at org.codehaus.groovy.runtime.callsite.PlainObjectMetaMethodSite.doInvoke(PlainObjectMetaMethodSite.java:43)
	at org.codehaus.groovy.runtime.callsite.PogoMetaMethodSite$PogoCachedMethodSiteNoUnwrapNoCoerce.invoke(PogoMetaMethodSite.java:198)
	at org.codehaus.groovy.runtime.callsite.PogoMetaMethodSite.callCurrent(PogoMetaMethodSite.java:62)
	at org.codehaus.groovy.runtime.callsite.AbstractCallSite.callCurrent(AbstractCallSite.java:185)
	at io.restassured.internal.ResponseSpecificationImpl.statusCode(ResponseSpecificationImpl.groovy:135)
	at io.restassured.specification.ResponseSpecification$statusCode$0.callCurrent(Unknown Source)
	at io.restassured.internal.ResponseSpecificationImpl.statusCode(ResponseSpecificationImpl.groovy:143)
	at io.restassured.internal.ValidatableResponseOptionsImpl.statusCode(ValidatableResponseOptionsImpl.java:89)
	at testCases.SwaggerAPI.CreateUser(SwaggerAPI.java:202)
	at java.base/jdk.internal.reflect.DirectMethodHandleAccessor.invoke(DirectMethodHandleAccessor.java:103)
	at java.base/java.lang.reflect.Method.invoke(Method.java:580)
	at org.testng.internal.invokers.MethodInvocationHelper.invokeMethod(MethodInvocationHelper.java:141)
	at org.testng.internal.invokers.TestInvoker.invokeMethod(TestInvoker.java:687)
	at org.testng.internal.invokers.TestInvoker.invokeTestMethod(TestInvoker.java:230)
	at org.testng.internal.invokers.MethodRunner.runInSequence(MethodRunner.java:63)
	at org.testng.internal.invokers.TestInvoker$MethodInvocationAgent.invoke(TestInvoker.java:995)
	at org.testng.internal.invokers.TestInvoker.invokeTestMethods(TestInvoker.java:203)
	at org.testng.internal.invokers.TestMethodWorker.invokeTestMethods(TestMethodWorker.java:154)
	at org.testng.internal.invokers.TestMethodWorker.run(TestMethodWorker.java:134)
	at java.base/java.util.ArrayList.forEach(ArrayList.java:1596)
	at org.testng.TestRunner.privateRun(TestRunner.java:741)
	at org.testng.TestRunner.run(TestRunner.java:616)
	at org.testng.SuiteRunner.runTest(SuiteRunner.java:421)
	at org.testng.SuiteRunner.runSequentially(SuiteRunner.java:413)
	at org.testng.SuiteRunner.privateRun(SuiteRunner.java:373)
	at org.testng.SuiteRunner.run(SuiteRunner.java:312)
	at org.testng.SuiteRunnerWorker.runSuite(SuiteRunnerWorker.java:52)
	at org.testng.SuiteRunnerWorker.run(SuiteRunnerWorker.java:95)
	at org.testng.TestNG.runSuitesSequentially(TestNG.java:1274)
	at org.testng.TestNG.runSuitesLocally(TestNG.java:1208)
	at org.testng.TestNG.runSuites(TestNG.java:1112)
	at org.testng.TestNG.run(TestNG.java:1079)
	at org.apache.maven.surefire.testng.TestNGExecutor.run(TestNGExecutor.java:308)
	at org.apache.maven.surefire.testng.TestNGXmlTestSuite.execute(TestNGXmlTestSuite.java:71)
	at org.apache.maven.surefire.testng.TestNGProvider.invoke(TestNGProvider.java:113)
	at org.apache.maven.surefire.booter.ForkedBooter.runSuitesInProcess(ForkedBooter.java:385)
	at org.apache.maven.surefire.booter.ForkedBooter.execute(ForkedBooter.java:162)
	at org.apache.maven.surefire.booter.ForkedBooter.run(ForkedBooter.java:507)
	at org.apache.maven.surefire.booter.ForkedBooter.main(ForkedBooter.java:495)
]]></failure>
    <system-out><![CDATA[[INFO ] 2025-06-11 23:46:24.898 [main] LoggerLoad - POST REQUEST: IncorrectBaseURL
Request method:	POST
Request URI:	https://userserviceapp-f5a54828541b.herokuapp.com/uap/createusers
Proxy:			<none>
Request params:	<none>
Query params:	<none>
Form params:	<none>
Path params:	<none>
Headers:		Accept=*/*
				Content-Type=application/json
Cookies:		<none>
Multiparts:		<none>
Body:
{
    "userContactNumber": "7357950303",
    "userAddress": {
        "country": "USA",
        "zipCode": "65432",
        "street": "santaclara",
        "plotNumber": "P1-61",
        "state": "NJ"
    },
    "userEmailId": "PuttuK@gmail.com",
    "userLastName": "Kanagal",
    "userFirstName": "Puttuna"
}
]]></system-out>
  </testcase>
  <testcase name="CreateUser[{FirstName=Ramakrishna, LastName=EthaBhat, Phno=7865431245, Email=ramabhat@gmail.com, Plot=P1-62, Street=santaclara, State=MI, Country=India, Zip=65432, Code=409, Linemsg=HTTP/1.1 409 Conflict, Scenario=ExistingUser}](7)" classname="testCases.SwaggerAPI" time="0.365">
    <system-out><![CDATA[[INFO ] 2025-06-11 23:46:25.339 [main] LoggerLoad - POST REQUEST: ExistingUser
Request method:	POST
Request URI:	https://userserviceapp-f5a54828541b.herokuapp.com/uap/createusers
Proxy:			<none>
Request params:	<none>
Query params:	<none>
Form params:	<none>
Path params:	<none>
Headers:		Accept=*/*
				Content-Type=application/json
Cookies:		<none>
Multiparts:		<none>
Body:
{
    "userContactNumber": "7865431245",
    "userAddress": {
        "country": "India",
        "zipCode": "65432",
        "street": "santaclara",
        "plotNumber": "P1-62",
        "state": "MI"
    },
    "userEmailId": "ramabhat@gmail.com",
    "userLastName": "EthaBhat",
    "userFirstName": "Ramakrishna"
}
]]></system-out>
  </testcase>
  <testcase name="CreateUser[{FirstName=Moolan, LastName=Ethan, Phno=7065032286, Email=Moolan2012@gmail.com, Plot=P1-74, Street=santaclara, State=Main, Country=USA, Zip=65432, Code=201, Linemsg=HTTP/1.1 201 Created, Scenario=ValidNam}](8)" classname="testCases.SwaggerAPI" time="0.317">
    <failure message="1 expectation failed.&#10;Expected status code &lt;201&gt; but was &lt;409&gt;.&#10;" type="java.lang.AssertionError"><![CDATA[java.lang.AssertionError: 
1 expectation failed.
Expected status code <201> but was <409>.

	at java.base/jdk.internal.reflect.DirectConstructorHandleAccessor.newInstance(DirectConstructorHandleAccessor.java:62)
	at java.base/java.lang.reflect.Constructor.newInstanceWithCaller(Constructor.java:502)
	at java.base/java.lang.reflect.Constructor.newInstance(Constructor.java:486)
	at org.codehaus.groovy.reflection.CachedConstructor.invoke(CachedConstructor.java:73)
	at org.codehaus.groovy.runtime.callsite.ConstructorSite$ConstructorSiteNoUnwrapNoCoerce.callConstructor(ConstructorSite.java:108)
	at org.codehaus.groovy.runtime.callsite.AbstractCallSite.callConstructor(AbstractCallSite.java:277)
	at io.restassured.internal.ResponseSpecificationImpl$HamcrestAssertionClosure.validate(ResponseSpecificationImpl.groovy:512)
	at io.restassured.internal.ResponseSpecificationImpl$HamcrestAssertionClosure$validate$1.call(Unknown Source)
	at io.restassured.internal.ResponseSpecificationImpl.validateResponseIfRequired(ResponseSpecificationImpl.groovy:696)
	at io.restassured.internal.ResponseSpecificationImpl.this$2$validateResponseIfRequired(ResponseSpecificationImpl.groovy)
	at java.base/jdk.internal.reflect.DirectMethodHandleAccessor.invoke(DirectMethodHandleAccessor.java:103)
	at java.base/java.lang.reflect.Method.invoke(Method.java:580)
	at org.codehaus.groovy.runtime.callsite.PlainObjectMetaMethodSite.doInvoke(PlainObjectMetaMethodSite.java:43)
	at org.codehaus.groovy.runtime.callsite.PogoMetaMethodSite$PogoCachedMethodSiteNoUnwrapNoCoerce.invoke(PogoMetaMethodSite.java:198)
	at org.codehaus.groovy.runtime.callsite.PogoMetaMethodSite.callCurrent(PogoMetaMethodSite.java:62)
	at org.codehaus.groovy.runtime.callsite.AbstractCallSite.callCurrent(AbstractCallSite.java:185)
	at io.restassured.internal.ResponseSpecificationImpl.statusCode(ResponseSpecificationImpl.groovy:135)
	at io.restassured.specification.ResponseSpecification$statusCode$0.callCurrent(Unknown Source)
	at io.restassured.internal.ResponseSpecificationImpl.statusCode(ResponseSpecificationImpl.groovy:143)
	at io.restassured.internal.ValidatableResponseOptionsImpl.statusCode(ValidatableResponseOptionsImpl.java:89)
	at testCases.SwaggerAPI.CreateUser(SwaggerAPI.java:223)
	at java.base/jdk.internal.reflect.DirectMethodHandleAccessor.invoke(DirectMethodHandleAccessor.java:103)
	at java.base/java.lang.reflect.Method.invoke(Method.java:580)
	at org.testng.internal.invokers.MethodInvocationHelper.invokeMethod(MethodInvocationHelper.java:141)
	at org.testng.internal.invokers.TestInvoker.invokeMethod(TestInvoker.java:687)
	at org.testng.internal.invokers.TestInvoker.invokeTestMethod(TestInvoker.java:230)
	at org.testng.internal.invokers.MethodRunner.runInSequence(MethodRunner.java:63)
	at org.testng.internal.invokers.TestInvoker$MethodInvocationAgent.invoke(TestInvoker.java:995)
	at org.testng.internal.invokers.TestInvoker.invokeTestMethods(TestInvoker.java:203)
	at org.testng.internal.invokers.TestMethodWorker.invokeTestMethods(TestMethodWorker.java:154)
	at org.testng.internal.invokers.TestMethodWorker.run(TestMethodWorker.java:134)
	at java.base/java.util.ArrayList.forEach(ArrayList.java:1596)
	at org.testng.TestRunner.privateRun(TestRunner.java:741)
	at org.testng.TestRunner.run(TestRunner.java:616)
	at org.testng.SuiteRunner.runTest(SuiteRunner.java:421)
	at org.testng.SuiteRunner.runSequentially(SuiteRunner.java:413)
	at org.testng.SuiteRunner.privateRun(SuiteRunner.java:373)
	at org.testng.SuiteRunner.run(SuiteRunner.java:312)
	at org.testng.SuiteRunnerWorker.runSuite(SuiteRunnerWorker.java:52)
	at org.testng.SuiteRunnerWorker.run(SuiteRunnerWorker.java:95)
	at org.testng.TestNG.runSuitesSequentially(TestNG.java:1274)
	at org.testng.TestNG.runSuitesLocally(TestNG.java:1208)
	at org.testng.TestNG.runSuites(TestNG.java:1112)
	at org.testng.TestNG.run(TestNG.java:1079)
	at org.apache.maven.surefire.testng.TestNGExecutor.run(TestNGExecutor.java:308)
	at org.apache.maven.surefire.testng.TestNGXmlTestSuite.execute(TestNGXmlTestSuite.java:71)
	at org.apache.maven.surefire.testng.TestNGProvider.invoke(TestNGProvider.java:113)
	at org.apache.maven.surefire.booter.ForkedBooter.runSuitesInProcess(ForkedBooter.java:385)
	at org.apache.maven.surefire.booter.ForkedBooter.execute(ForkedBooter.java:162)
	at org.apache.maven.surefire.booter.ForkedBooter.run(ForkedBooter.java:507)
	at org.apache.maven.surefire.booter.ForkedBooter.main(ForkedBooter.java:495)
]]></failure>
    <system-out><![CDATA[[INFO ] 2025-06-11 23:46:25.705 [main] LoggerLoad - POST REQUEST: ValidNam
INSUDE VALID
Request method:	POST
Request URI:	https://userserviceapp-f5a54828541b.herokuapp.com/uap/createusers
Proxy:			<none>
Request params:	<none>
Query params:	<none>
Form params:	<none>
Path params:	<none>
Headers:		Accept=*/*
				Content-Type=application/json
Cookies:		<none>
Multiparts:		<none>
Body:
{
    "userContactNumber": "7065032286",
    "userAddress": {
        "country": "USA",
        "zipCode": "65432",
        "street": "santaclara",
        "plotNumber": "P1-74",
        "state": "Main"
    },
    "userEmailId": "Moolan2012@gmail.com",
    "userLastName": "Ethan",
    "userFirstName": "Moolan"
}
]]></system-out>
  </testcase>
  <testcase name="GetUserById[{Code=401, Linemsg=HTTP/1.1 401 Unauthorized, Scenario=EmptyUsr}](1)" classname="testCases.SwaggerAPI" time="0.304">
    <system-out><![CDATA[[INFO ] 2025-06-11 23:46:26.025 [main] LoggerLoad - GET REQUEST By ID: EmptyUsr
Response Code: 401
Status Line: HTTP/1.1 401 Unauthorized
]]></system-out>
  </testcase>
  <testcase name="GetUserById[{Code=401, Linemsg=HTTP/1.1 401 Unauthorized, Scenario=EmptyPswd}](2)" classname="testCases.SwaggerAPI" time="0.263">
    <system-out><![CDATA[[INFO ] 2025-06-11 23:46:26.327 [main] LoggerLoad - GET REQUEST By ID: EmptyPswd
Response Code: 401
Status Line: HTTP/1.1 401 Unauthorized
]]></system-out>
  </testcase>
  <testcase name="GetUserById[{Code=401, Linemsg=HTTP/1.1 401 Unauthorized, Scenario=NoAuth}](3)" classname="testCases.SwaggerAPI" time="0.216">
    <system-out><![CDATA[[INFO ] 2025-06-11 23:46:26.591 [main] LoggerLoad - GET REQUEST By ID: NoAuth
Response Code: 401
Status Line: HTTP/1.1 401 Unauthorized
]]></system-out>
  </testcase>
  <testcase name="GetUserById[{Code=404, Linemsg=HTTP/1.1 404 Not Found, Scenario=IncorrectEndPoint}](4)" classname="testCases.SwaggerAPI" time="0.213">
    <system-out><![CDATA[[INFO ] 2025-06-11 23:46:26.808 [main] LoggerLoad - GET REQUEST By ID: IncorrectEndPoint
]]></system-out>
  </testcase>
  <testcase name="GetUserById[{Code=404, Linemsg=HTTP/1.1 404 Not Found, Scenario=IncorrectBaseURL}](5)" classname="testCases.SwaggerAPI" time="0.31">
    <system-out><![CDATA[[INFO ] 2025-06-11 23:46:27.022 [main] LoggerLoad - GET REQUEST By ID: IncorrectBaseURL
Status Line: HTTP/1.1 404 Not Found
]]></system-out>
  </testcase>
  <testcase name="GetUserById[{Code=200, Linemsg=HTTP/1.1 200 OK, Scenario=Valid}](6)" classname="testCases.SwaggerAPI" time="0.195">
    <system-out><![CDATA[[INFO ] 2025-06-11 23:46:27.332 [main] LoggerLoad - GET REQUEST By ID: Valid
Request method:	GET
Request URI:	https://userserviceapp-f5a54828541b.herokuapp.com/uap/user/28447
Proxy:			<none>
Request params:	<none>
Query params:	<none>
Form params:	<none>
Path params:	id=28447
Headers:		Accept=*/*
Cookies:		<none>
Multiparts:		<none>
Body:			<none>
Response Code: 200
Status Line: HTTP/1.1 200 OK
]]></system-out>
  </testcase>
  <testcase name="DeleteUserByFNameTest[{Code=401, Linemsg=HTTP/1.1 401 Unauthorized, Scenario=EmptyUsr}](1)" classname="testCases.SwaggerAPI" time="0.199">
    <system-out><![CDATA[[INFO ] 2025-06-11 23:46:27.528 [main] LoggerLoad - DELETE REQUEST By Name: EmptyUsr
DELETE REQUEST
NameRamakrishna
Request method:	GET
Request URI:	https://userserviceapp-f5a54828541b.herokuapp.com/uap/deleteuser/username/Ramakrishna
Proxy:			<none>
Request params:	<none>
Query params:	<none>
Form params:	<none>
Path params:	fname=Ramakrishna
Headers:		Accept=*/*
Cookies:		<none>
Multiparts:		<none>
Body:			<none>
Response Code: 401
Status Line: HTTP/1.1 401 Unauthorized
]]></system-out>
  </testcase>
  <testcase name="DeleteUserByFNameTest[{Code=401, Linemsg=HTTP/1.1 401 Unauthorized, Scenario=EmptyPswd}](2)" classname="testCases.SwaggerAPI" time="0.219">
    <system-out><![CDATA[[INFO ] 2025-06-11 23:46:27.727 [main] LoggerLoad - DELETE REQUEST By Name: EmptyPswd
DELETE REQUEST
NameRamakrishna
Request method:	GET
Request URI:	https://userserviceapp-f5a54828541b.herokuapp.com/uap/deleteuser/username/Ramakrishna
Proxy:			<none>
Request params:	<none>
Query params:	<none>
Form params:	<none>
Path params:	fname=Ramakrishna
Headers:		Accept=*/*
Cookies:		<none>
Multiparts:		<none>
Body:			<none>
Response Code: 401
Status Line: HTTP/1.1 401 Unauthorized
]]></system-out>
  </testcase>
  <testcase name="DeleteUserByFNameTest[{Code=401, Linemsg=HTTP/1.1 401 Unauthorized, Scenario=NoAuth}](3)" classname="testCases.SwaggerAPI" time="0.207">
    <system-out><![CDATA[[INFO ] 2025-06-11 23:46:27.946 [main] LoggerLoad - DELETE REQUEST By Name: NoAuth
DELETE REQUEST
NameRamakrishna
Request method:	GET
Request URI:	https://userserviceapp-f5a54828541b.herokuapp.com/uap/deleteuser/username/Ramakrishna
Proxy:			<none>
Request params:	<none>
Query params:	<none>
Form params:	<none>
Path params:	fname=Ramakrishna
Headers:		Accept=*/*
Cookies:		<none>
Multiparts:		<none>
Body:			<none>
Response Code: 401
Status Line: HTTP/1.1 401 Unauthorized
]]></system-out>
  </testcase>
  <testcase name="DeleteUserByFNameTest[{Code=404, Linemsg=HTTP/1.1 404 Not Found, Scenario=IncorrectBaseURL}](4)" classname="testCases.SwaggerAPI" time="0.086">
    <system-out><![CDATA[[INFO ] 2025-06-11 23:46:28.155 [main] LoggerLoad - DELETE REQUEST By Name: IncorrectBaseURL
DELETE REQUEST
NameRamakrishna
Request method:	GET
Request URI:	https://userserviceapp-f5a5482850000041b.herokuapp.com/uap/deleteuser/username/Ramakrishna
Proxy:			<none>
Request params:	<none>
Query params:	<none>
Form params:	<none>
Path params:	fname=Ramakrishna
Headers:		Accept=*/*
Cookies:		<none>
Multiparts:		<none>
Body:			<none>
Response Code: 404
Status Line: HTTP/1.1 404 Not Found
]]></system-out>
  </testcase>
  <testcase name="DeleteUserByFNameTest[{Code=405, Linemsg=HTTP/1.1 405 Method Not Allowed, Scenario=IncorrectEndPoint}](5)" classname="testCases.SwaggerAPI" time="0.185">
    <system-out><![CDATA[[INFO ] 2025-06-11 23:46:28.240 [main] LoggerLoad - DELETE REQUEST By Name: IncorrectEndPoint
DELETE REQUEST
NameRamakrishna
Request method:	GET
Request URI:	https://userserviceapp-f5a54828541b.herokuapp.com/uap/deleteuser/username/Ramakrishna%24invalid
Proxy:			<none>
Request params:	<none>
Query params:	<none>
Form params:	<none>
Path params:	fname=Ramakrishna
Headers:		Accept=*/*
Cookies:		<none>
Multiparts:		<none>
Body:			<none>
Response Code: 405
Status Line: HTTP/1.1 405 Method Not Allowed
]]></system-out>
  </testcase>
  <testcase name="DeleteUserByFNameTest[{Code=404, Linemsg=HTTP/1.1 404 Not Found, Scenario=NonExistingUser}](6)" classname="testCases.SwaggerAPI" time="0.2">
    <system-out><![CDATA[[INFO ] 2025-06-11 23:46:28.427 [main] LoggerLoad - DELETE REQUEST By Name: NonExistingUser
DELETE REQUEST
NameRamakrishna
Request method:	GET
Request URI:	https://userserviceapp-f5a54828541b.herokuapp.com/uap/deleteuser/username/RamakrishnaAPI
Proxy:			<none>
Request params:	<none>
Query params:	<none>
Form params:	<none>
Path params:	fname=RamakrishnaAPI
Headers:		Accept=*/*
Cookies:		<none>
Multiparts:		<none>
Body:			<none>
Response Code: 405
Status Line: HTTP/1.1 405 Method Not Allowed
]]></system-out>
  </testcase>
  <testcase name="DeleteUserByFNameTest[{Code=200, Linemsg= HTTP/1.1 200 OK, Scenario=Valid}](7)" classname="testCases.SwaggerAPI" time="0.21">
    <system-out><![CDATA[[INFO ] 2025-06-11 23:46:28.628 [main] LoggerLoad - DELETE REQUEST By Name: Valid
DELETE REQUEST
NameRamakrishna
Request method:	DELETE
Request URI:	https://userserviceapp-f5a54828541b.herokuapp.com/uap/deleteuser/username/Ramakrishna
Proxy:			<none>
Request params:	<none>
Query params:	<none>
Form params:	<none>
Path params:	fname=Ramakrishna
Headers:		Accept=*/*
Cookies:		<none>
Multiparts:		<none>
Body:			<none>
Response Code: 200
Status Line: HTTP/1.1 200 OK
]]></system-out>
  </testcase>
</testsuite>