<?xml version="1.0" encoding="UTF-8"?>
<testng-results ignored="0" total="21" passed="19" failed="2" skipped="0">
  <reporter-output>
  </reporter-output>
  <suite started-at="2025-06-11T23:13:29 EDT" name="Suite" finished-at="2025-06-11T23:13:36 EDT" duration-ms="7027">
    <groups>
    </groups>
    <test started-at="2025-06-11T23:13:29 EDT" name="Test" finished-at="2025-06-11T23:13:36 EDT" duration-ms="7027">
      <class name="testCases.SwaggerAPI">
        <test-method is-config="true" signature="setupExcel()[pri:0, instance:testCases.SwaggerAPI@6b8d96d9]" started-at="2025-06-11T23:13:29 EDT" name="setupExcel" finished-at="2025-06-11T23:13:30 EDT" duration-ms="700" status="PASS">
          <reporter-output>
          </reporter-output>
        </test-method> <!-- setupExcel -->
        <test-method signature="CreateUser(java.util.Map)[pri:2, instance:testCases.SwaggerAPI@6b8d96d9]" started-at="2025-06-11T23:13:30 EDT" name="CreateUser" data-provider="PostUser" finished-at="2025-06-11T23:13:32 EDT" duration-ms="1944" status="PASS">
          <params>
            <param index="0">
              <value>
                <![CDATA[{FirstName=Ramakrishna, LastName=EthaBhat, Phno=7865431245, Email=ramabhat@gmail.com, Plot=P1-73, Street=santaclara, State=Main, Country=USA, Zip=65432, Code=201, Linemsg=HTTP/1.1 201 Created, Scenario=Valid}]]>
              </value>
            </param>
          </params>
          <reporter-output>
          </reporter-output>
        </test-method> <!-- CreateUser -->
        <test-method signature="CreateUser(java.util.Map)[pri:2, instance:testCases.SwaggerAPI@6b8d96d9]" started-at="2025-06-11T23:13:32 EDT" name="CreateUser" data-provider="PostUser" finished-at="2025-06-11T23:13:32 EDT" duration-ms="191" status="PASS">
          <params>
            <param index="0">
              <value>
                <![CDATA[{FirstName=Kripa, LastName=Lkumar, Phno=7357950300, Email=Kripa@gmail.com, Plot=P1-58, Street=santaclara, State=NJ, Country=USA, Zip=65432, Code=401, Linemsg=HTTP/1.1 401 Unauthorized, Scenario=EmptyPswd}]]>
              </value>
            </param>
          </params>
          <reporter-output>
          </reporter-output>
        </test-method> <!-- CreateUser -->
        <test-method signature="CreateUser(java.util.Map)[pri:2, instance:testCases.SwaggerAPI@6b8d96d9]" started-at="2025-06-11T23:13:32 EDT" name="CreateUser" data-provider="PostUser" finished-at="2025-06-11T23:13:32 EDT" duration-ms="186" status="PASS">
          <params>
            <param index="0">
              <value>
                <![CDATA[{FirstName=KripaS, LastName=LkumarK, Phno=7357911100, Email=KripaS@gmail.com, Plot=P1-58, Street=santaclara, State=NJ, Country=USA, Zip=65432, Code=401, Linemsg=HTTP/1.1 401 Unauthorized, Scenario=EmptyUsr}]]>
              </value>
            </param>
          </params>
          <reporter-output>
          </reporter-output>
        </test-method> <!-- CreateUser -->
        <test-method signature="CreateUser(java.util.Map)[pri:2, instance:testCases.SwaggerAPI@6b8d96d9]" started-at="2025-06-11T23:13:32 EDT" name="CreateUser" data-provider="PostUser" finished-at="2025-06-11T23:13:32 EDT" duration-ms="201" status="PASS">
          <params>
            <param index="0">
              <value>
                <![CDATA[{FirstName=Liya, LastName=Brad, Phno=7357950302, Email=Leah@gmail.com, Plot=P1-59, Street=santaclara, State=NJ, Country=USA, Zip=65432, Code=401, Linemsg=HTTP/1.1 401 Unauthorized, Scenario=NoAuth}]]>
              </value>
            </param>
          </params>
          <reporter-output>
          </reporter-output>
        </test-method> <!-- CreateUser -->
        <test-method signature="CreateUser(java.util.Map)[pri:2, instance:testCases.SwaggerAPI@6b8d96d9]" started-at="2025-06-11T23:13:32 EDT" name="CreateUser" data-provider="PostUser" finished-at="2025-06-11T23:13:33 EDT" duration-ms="285" status="PASS">
          <params>
            <param index="0">
              <value>
                <![CDATA[{FirstName=Micheal, LastName=Gopi, Phno=7357950301, Email=MichealHeww@gmail.com, Plot=P1-60, Street=santaclara, State=NJ, Country=USA, Zip=65432, Code=404, Linemsg=HTTP/1.1 404 Not Found, Scenario=IncorrectEndPoint}]]>
              </value>
            </param>
          </params>
          <reporter-output>
          </reporter-output>
        </test-method> <!-- CreateUser -->
        <test-method signature="CreateUser(java.util.Map)[pri:2, instance:testCases.SwaggerAPI@6b8d96d9]" started-at="2025-06-11T23:13:33 EDT" name="CreateUser" data-provider="PostUser" finished-at="2025-06-11T23:13:33 EDT" duration-ms="254" status="FAIL">
          <params>
            <param index="0">
              <value>
                <![CDATA[{FirstName=Puttuna, LastName=Kanagal, Phno=7357950303, Email=PuttuK@gmail.com, Plot=P1-61, Street=santaclara, State=NJ, Country=USA, Zip=65432, Code=404, Linemsg=HTTP/1.1 404 Not Found, Scenario=IncorrectBaseURL}]]>
              </value>
            </param>
          </params>
          <exception class="java.lang.AssertionError">
            <message>
              <![CDATA[1 expectation failed.
Expected status code <404> but was <409>.
]]>
            </message>
            <full-stacktrace>
              <![CDATA[java.lang.AssertionError: 1 expectation failed.
Expected status code <404> but was <409>.

at java.base/jdk.internal.reflect.DirectConstructorHandleAccessor.newInstance(DirectConstructorHandleAccessor.java:62)
at java.base/java.lang.reflect.Constructor.newInstanceWithCaller(Constructor.java:502)
at java.base/java.lang.reflect.Constructor.newInstance(Constructor.java:486)
at org.codehaus.groovy.reflection.CachedConstructor.invoke(CachedConstructor.java:73)
at org.codehaus.groovy.runtime.callsite.ConstructorSite$ConstructorSiteNoUnwrapNoCoerce.callConstructor(ConstructorSite.java:108)
at org.codehaus.groovy.runtime.callsite.CallSiteArray.defaultCallConstructor(CallSiteArray.java:57)
at org.codehaus.groovy.runtime.callsite.AbstractCallSite.callConstructor(AbstractCallSite.java:263)
at org.codehaus.groovy.runtime.callsite.AbstractCallSite.callConstructor(AbstractCallSite.java:277)
at io.restassured.internal.ResponseSpecificationImpl$HamcrestAssertionClosure.validate(ResponseSpecificationImpl.groovy:512)
at io.restassured.internal.ResponseSpecificationImpl$HamcrestAssertionClosure$validate$1.call(Unknown Source)
at io.restassured.internal.ResponseSpecificationImpl.validateResponseIfRequired(ResponseSpecificationImpl.groovy:696)
at io.restassured.internal.ResponseSpecificationImpl.this$2$validateResponseIfRequired(ResponseSpecificationImpl.groovy)
at java.base/jdk.internal.reflect.DirectMethodHandleAccessor.invoke(DirectMethodHandleAccessor.java:103)
at java.base/java.lang.reflect.Method.invoke(Method.java:580)
at org.codehaus.groovy.runtime.callsite.PlainObjectMetaMethodSite.doInvoke(PlainObjectMetaMethodSite.java:43)
at org.codehaus.groovy.runtime.callsite.PogoMetaMethodSite$PogoCachedMethodSiteNoUnwrapNoCoerce.invoke(PogoMetaMethodSite.java:198)
at org.codehaus.groovy.runtime.callsite.PogoMetaMethodSite.callCurrent(PogoMetaMethodSite.java:62)
at org.codehaus.groovy.runtime.callsite.AbstractCallSite.callCurrent(AbstractCallSite.java:185)
at io.restassured.internal.ResponseSpecificationImpl.statusCode(ResponseSpecificationImpl.groovy:135)
at io.restassured.specification.ResponseSpecification$statusCode$0.callCurrent(Unknown Source)
at io.restassured.internal.ResponseSpecificationImpl.statusCode(ResponseSpecificationImpl.groovy:143)
at io.restassured.internal.ValidatableResponseOptionsImpl.statusCode(ValidatableResponseOptionsImpl.java:89)
at testCases.SwaggerAPI.CreateUser(SwaggerAPI.java:202)
at java.base/jdk.internal.reflect.DirectMethodHandleAccessor.invoke(DirectMethodHandleAccessor.java:103)
at java.base/java.lang.reflect.Method.invoke(Method.java:580)
at org.testng.internal.invokers.MethodInvocationHelper.invokeMethod(MethodInvocationHelper.java:141)
at org.testng.internal.invokers.TestInvoker.invokeMethod(TestInvoker.java:687)
at org.testng.internal.invokers.TestInvoker.invokeTestMethod(TestInvoker.java:230)
at org.testng.internal.invokers.MethodRunner.runInSequence(MethodRunner.java:63)
at org.testng.internal.invokers.TestInvoker$MethodInvocationAgent.invoke(TestInvoker.java:995)
at org.testng.internal.invokers.TestInvoker.invokeTestMethods(TestInvoker.java:203)
at org.testng.internal.invokers.TestMethodWorker.invokeTestMethods(TestMethodWorker.java:154)
at org.testng.internal.invokers.TestMethodWorker.run(TestMethodWorker.java:134)
at java.base/java.util.ArrayList.forEach(ArrayList.java:1596)
at org.testng.TestRunner.privateRun(TestRunner.java:741)
at org.testng.TestRunner.run(TestRunner.java:616)
at org.testng.SuiteRunner.runTest(SuiteRunner.java:421)
at org.testng.SuiteRunner.runSequentially(SuiteRunner.java:413)
at org.testng.SuiteRunner.privateRun(SuiteRunner.java:373)
at org.testng.SuiteRunner.run(SuiteRunner.java:312)
at org.testng.SuiteRunnerWorker.runSuite(SuiteRunnerWorker.java:52)
at org.testng.SuiteRunnerWorker.run(SuiteRunnerWorker.java:95)
at org.testng.TestNG.runSuitesSequentially(TestNG.java:1274)
at org.testng.TestNG.runSuitesLocally(TestNG.java:1208)
at org.testng.TestNG.runSuites(TestNG.java:1112)
at org.testng.TestNG.run(TestNG.java:1079)
at org.testng.remote.AbstractRemoteTestNG.run(AbstractRemoteTestNG.java:115)
at org.testng.remote.RemoteTestNG.initAndRun(RemoteTestNG.java:293)
at org.testng.remote.RemoteTestNG.main(RemoteTestNG.java:91)
]]>
            </full-stacktrace>
          </exception> <!-- java.lang.AssertionError -->
          <reporter-output>
          </reporter-output>
        </test-method> <!-- CreateUser -->
        <test-method signature="CreateUser(java.util.Map)[pri:2, instance:testCases.SwaggerAPI@6b8d96d9]" started-at="2025-06-11T23:13:33 EDT" name="CreateUser" data-provider="PostUser" finished-at="2025-06-11T23:13:33 EDT" duration-ms="221" status="PASS">
          <params>
            <param index="0">
              <value>
                <![CDATA[{FirstName=Ramakrishna, LastName=EthaBhat, Phno=7865431245, Email=ramabhat@gmail.com, Plot=P1-62, Street=santaclara, State=MI, Country=India, Zip=65432, Code=409, Linemsg=HTTP/1.1 409 Conflict, Scenario=ExistingUser}]]>
              </value>
            </param>
          </params>
          <reporter-output>
          </reporter-output>
        </test-method> <!-- CreateUser -->
        <test-method signature="CreateUser(java.util.Map)[pri:2, instance:testCases.SwaggerAPI@6b8d96d9]" started-at="2025-06-11T23:13:33 EDT" name="CreateUser" data-provider="PostUser" finished-at="2025-06-11T23:13:33 EDT" duration-ms="245" status="FAIL">
          <params>
            <param index="0">
              <value>
                <![CDATA[{FirstName=Moolan, LastName=Ethan, Phno=7065032286, Email=Moolan2012@gmail.com, Plot=P1-74, Street=santaclara, State=Main, Country=USA, Zip=65432, Code=201, Linemsg=HTTP/1.1 201 Created, Scenario=ValidNam}]]>
              </value>
            </param>
          </params>
          <exception class="java.lang.AssertionError">
            <message>
              <![CDATA[1 expectation failed.
Expected status code <201> but was <409>.
]]>
            </message>
            <full-stacktrace>
              <![CDATA[java.lang.AssertionError: 1 expectation failed.
Expected status code <201> but was <409>.

at java.base/jdk.internal.reflect.DirectConstructorHandleAccessor.newInstance(DirectConstructorHandleAccessor.java:62)
at java.base/java.lang.reflect.Constructor.newInstanceWithCaller(Constructor.java:502)
at java.base/java.lang.reflect.Constructor.newInstance(Constructor.java:486)
at org.codehaus.groovy.reflection.CachedConstructor.invoke(CachedConstructor.java:73)
at org.codehaus.groovy.runtime.callsite.ConstructorSite$ConstructorSiteNoUnwrapNoCoerce.callConstructor(ConstructorSite.java:108)
at org.codehaus.groovy.runtime.callsite.AbstractCallSite.callConstructor(AbstractCallSite.java:277)
at io.restassured.internal.ResponseSpecificationImpl$HamcrestAssertionClosure.validate(ResponseSpecificationImpl.groovy:512)
at io.restassured.internal.ResponseSpecificationImpl$HamcrestAssertionClosure$validate$1.call(Unknown Source)
at io.restassured.internal.ResponseSpecificationImpl.validateResponseIfRequired(ResponseSpecificationImpl.groovy:696)
at io.restassured.internal.ResponseSpecificationImpl.this$2$validateResponseIfRequired(ResponseSpecificationImpl.groovy)
at java.base/jdk.internal.reflect.DirectMethodHandleAccessor.invoke(DirectMethodHandleAccessor.java:103)
at java.base/java.lang.reflect.Method.invoke(Method.java:580)
at org.codehaus.groovy.runtime.callsite.PlainObjectMetaMethodSite.doInvoke(PlainObjectMetaMethodSite.java:43)
at org.codehaus.groovy.runtime.callsite.PogoMetaMethodSite$PogoCachedMethodSiteNoUnwrapNoCoerce.invoke(PogoMetaMethodSite.java:198)
at org.codehaus.groovy.runtime.callsite.PogoMetaMethodSite.callCurrent(PogoMetaMethodSite.java:62)
at org.codehaus.groovy.runtime.callsite.AbstractCallSite.callCurrent(AbstractCallSite.java:185)
at io.restassured.internal.ResponseSpecificationImpl.statusCode(ResponseSpecificationImpl.groovy:135)
at io.restassured.specification.ResponseSpecification$statusCode$0.callCurrent(Unknown Source)
at io.restassured.internal.ResponseSpecificationImpl.statusCode(ResponseSpecificationImpl.groovy:143)
at io.restassured.internal.ValidatableResponseOptionsImpl.statusCode(ValidatableResponseOptionsImpl.java:89)
at testCases.SwaggerAPI.CreateUser(SwaggerAPI.java:223)
at java.base/jdk.internal.reflect.DirectMethodHandleAccessor.invoke(DirectMethodHandleAccessor.java:103)
at java.base/java.lang.reflect.Method.invoke(Method.java:580)
at org.testng.internal.invokers.MethodInvocationHelper.invokeMethod(MethodInvocationHelper.java:141)
at org.testng.internal.invokers.TestInvoker.invokeMethod(TestInvoker.java:687)
at org.testng.internal.invokers.TestInvoker.invokeTestMethod(TestInvoker.java:230)
at org.testng.internal.invokers.MethodRunner.runInSequence(MethodRunner.java:63)
at org.testng.internal.invokers.TestInvoker$MethodInvocationAgent.invoke(TestInvoker.java:995)
at org.testng.internal.invokers.TestInvoker.invokeTestMethods(TestInvoker.java:203)
at org.testng.internal.invokers.TestMethodWorker.invokeTestMethods(TestMethodWorker.java:154)
at org.testng.internal.invokers.TestMethodWorker.run(TestMethodWorker.java:134)
at java.base/java.util.ArrayList.forEach(ArrayList.java:1596)
at org.testng.TestRunner.privateRun(TestRunner.java:741)
at org.testng.TestRunner.run(TestRunner.java:616)
at org.testng.SuiteRunner.runTest(SuiteRunner.java:421)
at org.testng.SuiteRunner.runSequentially(SuiteRunner.java:413)
at org.testng.SuiteRunner.privateRun(SuiteRunner.java:373)
at org.testng.SuiteRunner.run(SuiteRunner.java:312)
at org.testng.SuiteRunnerWorker.runSuite(SuiteRunnerWorker.java:52)
at org.testng.SuiteRunnerWorker.run(SuiteRunnerWorker.java:95)
at org.testng.TestNG.runSuitesSequentially(TestNG.java:1274)
at org.testng.TestNG.runSuitesLocally(TestNG.java:1208)
at org.testng.TestNG.runSuites(TestNG.java:1112)
at org.testng.TestNG.run(TestNG.java:1079)
at org.testng.remote.AbstractRemoteTestNG.run(AbstractRemoteTestNG.java:115)
at org.testng.remote.RemoteTestNG.initAndRun(RemoteTestNG.java:293)
at org.testng.remote.RemoteTestNG.main(RemoteTestNG.java:91)
]]>
            </full-stacktrace>
          </exception> <!-- java.lang.AssertionError -->
          <reporter-output>
          </reporter-output>
        </test-method> <!-- CreateUser -->
        <test-method signature="GetUserById(java.util.Map)[pri:3, instance:testCases.SwaggerAPI@6b8d96d9]" started-at="2025-06-11T23:13:33 EDT" name="GetUserById" data-provider="GetUser" finished-at="2025-06-11T23:13:34 EDT" duration-ms="190" status="PASS">
          <params>
            <param index="0">
              <value>
                <![CDATA[{Code=401, Linemsg=HTTP/1.1 401 Unauthorized, Scenario=EmptyUsr}]]>
              </value>
            </param>
          </params>
          <reporter-output>
          </reporter-output>
        </test-method> <!-- GetUserById -->
        <test-method signature="GetUserById(java.util.Map)[pri:3, instance:testCases.SwaggerAPI@6b8d96d9]" started-at="2025-06-11T23:13:34 EDT" name="GetUserById" data-provider="GetUser" finished-at="2025-06-11T23:13:34 EDT" duration-ms="208" status="PASS">
          <params>
            <param index="0">
              <value>
                <![CDATA[{Code=401, Linemsg=HTTP/1.1 401 Unauthorized, Scenario=EmptyPswd}]]>
              </value>
            </param>
          </params>
          <reporter-output>
          </reporter-output>
        </test-method> <!-- GetUserById -->
        <test-method signature="GetUserById(java.util.Map)[pri:3, instance:testCases.SwaggerAPI@6b8d96d9]" started-at="2025-06-11T23:13:34 EDT" name="GetUserById" data-provider="GetUser" finished-at="2025-06-11T23:13:34 EDT" duration-ms="194" status="PASS">
          <params>
            <param index="0">
              <value>
                <![CDATA[{Code=401, Linemsg=HTTP/1.1 401 Unauthorized, Scenario=NoAuth}]]>
              </value>
            </param>
          </params>
          <reporter-output>
          </reporter-output>
        </test-method> <!-- GetUserById -->
        <test-method signature="GetUserById(java.util.Map)[pri:3, instance:testCases.SwaggerAPI@6b8d96d9]" started-at="2025-06-11T23:13:34 EDT" name="GetUserById" data-provider="GetUser" finished-at="2025-06-11T23:13:34 EDT" duration-ms="261" status="PASS">
          <params>
            <param index="0">
              <value>
                <![CDATA[{Code=404, Linemsg=HTTP/1.1 404 Not Found, Scenario=IncorrectEndPoint}]]>
              </value>
            </param>
          </params>
          <reporter-output>
          </reporter-output>
        </test-method> <!-- GetUserById -->
        <test-method signature="GetUserById(java.util.Map)[pri:3, instance:testCases.SwaggerAPI@6b8d96d9]" started-at="2025-06-11T23:13:34 EDT" name="GetUserById" data-provider="GetUser" finished-at="2025-06-11T23:13:34 EDT" duration-ms="116" status="PASS">
          <params>
            <param index="0">
              <value>
                <![CDATA[{Code=404, Linemsg=HTTP/1.1 404 Not Found, Scenario=IncorrectBaseURL}]]>
              </value>
            </param>
          </params>
          <reporter-output>
          </reporter-output>
        </test-method> <!-- GetUserById -->
        <test-method signature="GetUserById(java.util.Map)[pri:3, instance:testCases.SwaggerAPI@6b8d96d9]" started-at="2025-06-11T23:13:34 EDT" name="GetUserById" data-provider="GetUser" finished-at="2025-06-11T23:13:35 EDT" duration-ms="240" status="PASS">
          <params>
            <param index="0">
              <value>
                <![CDATA[{Code=200, Linemsg=HTTP/1.1 200 OK, Scenario=Valid}]]>
              </value>
            </param>
          </params>
          <reporter-output>
          </reporter-output>
        </test-method> <!-- GetUserById -->
        <test-method signature="DeleteUserByFNameTest(java.util.Map)[pri:6, instance:testCases.SwaggerAPI@6b8d96d9]" started-at="2025-06-11T23:13:35 EDT" name="DeleteUserByFNameTest" data-provider="DeleteUser" finished-at="2025-06-11T23:13:35 EDT" duration-ms="212" status="PASS">
          <params>
            <param index="0">
              <value>
                <![CDATA[{Code=401, Linemsg=HTTP/1.1 401 Unauthorized, Scenario=EmptyUsr}]]>
              </value>
            </param>
          </params>
          <reporter-output>
          </reporter-output>
        </test-method> <!-- DeleteUserByFNameTest -->
        <test-method signature="DeleteUserByFNameTest(java.util.Map)[pri:6, instance:testCases.SwaggerAPI@6b8d96d9]" started-at="2025-06-11T23:13:35 EDT" name="DeleteUserByFNameTest" data-provider="DeleteUser" finished-at="2025-06-11T23:13:35 EDT" duration-ms="190" status="PASS">
          <params>
            <param index="0">
              <value>
                <![CDATA[{Code=401, Linemsg=HTTP/1.1 401 Unauthorized, Scenario=EmptyPswd}]]>
              </value>
            </param>
          </params>
          <reporter-output>
          </reporter-output>
        </test-method> <!-- DeleteUserByFNameTest -->
        <test-method signature="DeleteUserByFNameTest(java.util.Map)[pri:6, instance:testCases.SwaggerAPI@6b8d96d9]" started-at="2025-06-11T23:13:35 EDT" name="DeleteUserByFNameTest" data-provider="DeleteUser" finished-at="2025-06-11T23:13:35 EDT" duration-ms="196" status="PASS">
          <params>
            <param index="0">
              <value>
                <![CDATA[{Code=401, Linemsg=HTTP/1.1 401 Unauthorized, Scenario=NoAuth}]]>
              </value>
            </param>
          </params>
          <reporter-output>
          </reporter-output>
        </test-method> <!-- DeleteUserByFNameTest -->
        <test-method signature="DeleteUserByFNameTest(java.util.Map)[pri:6, instance:testCases.SwaggerAPI@6b8d96d9]" started-at="2025-06-11T23:13:35 EDT" name="DeleteUserByFNameTest" data-provider="DeleteUser" finished-at="2025-06-11T23:13:35 EDT" duration-ms="148" status="PASS">
          <params>
            <param index="0">
              <value>
                <![CDATA[{Code=404, Linemsg=HTTP/1.1 404 Not Found, Scenario=IncorrectBaseURL}]]>
              </value>
            </param>
          </params>
          <reporter-output>
          </reporter-output>
        </test-method> <!-- DeleteUserByFNameTest -->
        <test-method signature="DeleteUserByFNameTest(java.util.Map)[pri:6, instance:testCases.SwaggerAPI@6b8d96d9]" started-at="2025-06-11T23:13:35 EDT" name="DeleteUserByFNameTest" data-provider="DeleteUser" finished-at="2025-06-11T23:13:36 EDT" duration-ms="199" status="PASS">
          <params>
            <param index="0">
              <value>
                <![CDATA[{Code=405, Linemsg=HTTP/1.1 405 Method Not Allowed, Scenario=IncorrectEndPoint}]]>
              </value>
            </param>
          </params>
          <reporter-output>
          </reporter-output>
        </test-method> <!-- DeleteUserByFNameTest -->
        <test-method signature="DeleteUserByFNameTest(java.util.Map)[pri:6, instance:testCases.SwaggerAPI@6b8d96d9]" started-at="2025-06-11T23:13:36 EDT" name="DeleteUserByFNameTest" data-provider="DeleteUser" finished-at="2025-06-11T23:13:36 EDT" duration-ms="211" status="PASS">
          <params>
            <param index="0">
              <value>
                <![CDATA[{Code=404, Linemsg=HTTP/1.1 404 Not Found, Scenario=NonExistingUser}]]>
              </value>
            </param>
          </params>
          <reporter-output>
          </reporter-output>
        </test-method> <!-- DeleteUserByFNameTest -->
        <test-method signature="DeleteUserByFNameTest(java.util.Map)[pri:6, instance:testCases.SwaggerAPI@6b8d96d9]" started-at="2025-06-11T23:13:36 EDT" name="DeleteUserByFNameTest" data-provider="DeleteUser" finished-at="2025-06-11T23:13:36 EDT" duration-ms="188" status="PASS">
          <params>
            <param index="0">
              <value>
                <![CDATA[{Code=200, Linemsg= HTTP/1.1 200 OK, Scenario=Valid}]]>
              </value>
            </param>
          </params>
          <reporter-output>
          </reporter-output>
        </test-method> <!-- DeleteUserByFNameTest -->
        <test-method is-config="true" signature="closeExcel()[pri:0, instance:testCases.SwaggerAPI@6b8d96d9]" started-at="2025-06-11T23:13:36 EDT" name="closeExcel" finished-at="2025-06-11T23:13:36 EDT" duration-ms="76" status="PASS">
          <reporter-output>
          </reporter-output>
        </test-method> <!-- closeExcel -->
      </class> <!-- testCases.SwaggerAPI -->
    </test> <!-- Test -->
  </suite> <!-- Suite -->
</testng-results>
