<?xml version="1.0" encoding="UTF-8"?>
<!-- Generated by org.testng.reporters.JUnitReportReporter -->
<testsuite hostname="SwasLenovo" failures="0" tests="56" name="testCases.SwaggerAPI" time="19.637" errors="0" timestamp="2025-06-12T21:38:03 EDT" skipped="0">
  <testcase classname="testCases.SwaggerAPI" name="GetAllUsersTest" time="0.198"/>
  <testcase classname="testCases.SwaggerAPI" name="GetAllUsersTest" time="1.426"/>
  <testcase classname="testCases.SwaggerAPI" name="GetAllUsersTest" time="0.240"/>
  <testcase classname="testCases.SwaggerAPI" name="GetAllUsersTest" time="0.167"/>
  <testcase classname="testCases.SwaggerAPI" name="GetAllUsersTest" time="1.655"/>
  <testcase classname="testCases.SwaggerAPI" name="GetAllUsersTest" time="0.298"/>
  <testcase classname="testCases.SwaggerAPI" name="CreateUser" time="0.315"/>
  <testcase classname="testCases.SwaggerAPI" name="CreateUser" time="0.287"/>
  <testcase classname="testCases.SwaggerAPI" name="CreateUser" time="0.275"/>
  <testcase classname="testCases.SwaggerAPI" name="CreateUser" time="0.795"/>
  <testcase classname="testCases.SwaggerAPI" name="CreateUser" time="0.240"/>
  <testcase classname="testCases.SwaggerAPI" name="CreateUser" time="0.266"/>
  <testcase classname="testCases.SwaggerAPI" name="CreateUser" time="0.332"/>
  <testcase classname="testCases.SwaggerAPI" name="CreateUser" time="0.202"/>
  <testcase classname="testCases.SwaggerAPI" name="GetUserById" time="0.185"/>
  <testcase classname="testCases.SwaggerAPI" name="GetUserById" time="0.247"/>
  <testcase classname="testCases.SwaggerAPI" name="GetUserById" time="0.113"/>
  <testcase classname="testCases.SwaggerAPI" name="GetUserById" time="0.234"/>
  <testcase classname="testCases.SwaggerAPI" name="GetUserById" time="0.478"/>
  <testcase classname="testCases.SwaggerAPI" name="GetUserById" time="0.325"/>
  <testcase classname="testCases.SwaggerAPI" name="GetUserByFName" time="0.133"/>
  <testcase classname="testCases.SwaggerAPI" name="GetUserByFName" time="0.218"/>
  <testcase classname="testCases.SwaggerAPI" name="GetUserByFName" time="0.199"/>
  <testcase classname="testCases.SwaggerAPI" name="GetUserByFName" time="0.254"/>
  <testcase classname="testCases.SwaggerAPI" name="GetUserByFName" time="0.648"/>
  <testcase classname="testCases.SwaggerAPI" name="GetUserByFName" time="0.325"/>
  <testcase classname="testCases.SwaggerAPI" name="UpdateUser" time="0.216"/>
  <testcase classname="testCases.SwaggerAPI" name="UpdateUser" time="0.207"/>
  <testcase classname="testCases.SwaggerAPI" name="UpdateUser" time="0.188"/>
  <testcase classname="testCases.SwaggerAPI" name="UpdateUser" time="0.440"/>
  <testcase classname="testCases.SwaggerAPI" name="UpdateUser" time="0.343"/>
  <testcase classname="testCases.SwaggerAPI" name="UpdateUser" time="0.236"/>
  <testcase classname="testCases.SwaggerAPI" name="UpdateUser" time="0.488"/>
  <testcase classname="testCases.SwaggerAPI" name="UpdateUser" time="0.200"/>
  <testcase classname="testCases.SwaggerAPI" name="UpdateUser" time="0.258"/>
  <testcase classname="testCases.SwaggerAPI" name="UpdateUser" time="0.408"/>
  <testcase classname="testCases.SwaggerAPI" name="UpdateUser" time="0.271"/>
  <testcase classname="testCases.SwaggerAPI" name="UpdateUser" time="0.199"/>
  <testcase classname="testCases.SwaggerAPI" name="UpdateUser" time="0.206"/>
  <testcase classname="testCases.SwaggerAPI" name="UpdateUser" time="0.364"/>
  <testcase classname="testCases.SwaggerAPI" name="UpdateUser" time="0.313"/>
  <testcase classname="testCases.SwaggerAPI" name="UpdateUser" time="0.348"/>
  <testcase classname="testCases.SwaggerAPI" name="DeleteUserByFNameTest" time="0.183"/>
  <testcase classname="testCases.SwaggerAPI" name="DeleteUserByFNameTest" time="0.495"/>
  <testcase classname="testCases.SwaggerAPI" name="DeleteUserByFNameTest" time="0.343"/>
  <testcase classname="testCases.SwaggerAPI" name="DeleteUserByFNameTest" time="0.188"/>
  <testcase classname="testCases.SwaggerAPI" name="DeleteUserByFNameTest" time="0.383"/>
  <testcase classname="testCases.SwaggerAPI" name="DeleteUserByFNameTest" time="0.186"/>
  <testcase classname="testCases.SwaggerAPI" name="DeleteUserByFNameTest" time="0.225"/>
  <testcase classname="testCases.SwaggerAPI" name="DeleteUserByIdTest" time="0.228"/>
  <testcase classname="testCases.SwaggerAPI" name="DeleteUserByIdTest" time="0.578"/>
  <testcase classname="testCases.SwaggerAPI" name="DeleteUserByIdTest" time="0.747"/>
  <testcase classname="testCases.SwaggerAPI" name="DeleteUserByIdTest" time="0.294"/>
  <testcase classname="testCases.SwaggerAPI" name="DeleteUserByIdTest" time="0.423"/>
  <testcase classname="testCases.SwaggerAPI" name="DeleteUserByIdTest" time="0.356"/>
  <testcase classname="testCases.SwaggerAPI" name="DeleteUserByIdTest" time="0.268"/>
</testsuite> <!-- testCases.SwaggerAPI -->
